New log file opened at Fri Mar 04 15:18:20 GMT 2016 by 8588@DESKTOP-7UG7O8D
Sending msg to client activator-09e9885e-edd7-4b68-aaa0-8def8b3dcfa7: DetachedLogEvent(LogMessage(debug,sbt server socket logs are in: C:\Users\pc\dev\fyp\fyp-dev\DEV-FYP-Process-Controller-Service\.sbtserver\connections\master.log))
Sending msg to client activator-09e9885e-edd7-4b68-aaa0-8def8b3dcfa7: DetachedLogEvent(LogMessage(debug,sbt client logs are in: C:\Users\pc\dev\fyp\fyp-dev\DEV-FYP-Process-Controller-Service\.sbtserver\connections\activator-09e9885e-edd7-4b68-aaa0-8def8b3dcfa7.log))
Sending msg to client activator-09e9885e-edd7-4b68-aaa0-8def8b3dcfa7: DetachedLogEvent(LogMessage(debug,sbt general server logs are in: C:\Users\pc\dev\fyp\fyp-dev\DEV-FYP-Process-Controller-Service\.sbtserver\master.log))
Dropping message DetachedLogEvent(LogMessage(debug,sbt client logs are in: C:\Users\pc\dev\fyp\fyp-dev\DEV-FYP-Process-Controller-Service\.sbtserver\connections\activator-09e9885e-edd7-4b68-aaa0-8def8b3dcfa7.log)) because client activator-09e9885e-edd7-4b68-aaa0-8def8b3dcfa7 of an exception serializing and sending: java.net.SocketException: Software caused connection abort: socket write error
Dropping message DetachedLogEvent(LogMessage(debug,sbt general server logs are in: C:\Users\pc\dev\fyp\fyp-dev\DEV-FYP-Process-Controller-Service\.sbtserver\master.log)) because client activator-09e9885e-edd7-4b68-aaa0-8def8b3dcfa7 of an exception serializing and sending: java.net.SocketException: Software caused connection abort: socket write error
stack trace sending message was 
java.net.SocketException: Software caused connection abort: socket write error
	at java.net.SocketOutputStream.socketWrite0(Native Method)
	at java.net.SocketOutputStream.socketWrite(Unknown Source)
	at java.net.SocketOutputStream.write(Unknown Source)
	at java.io.BufferedOutputStream.flushBuffer(Unknown Source)
	at java.io.BufferedOutputStream.flush(Unknown Source)
	at java.io.DataOutputStream.flush(Unknown Source)
	at sbt.impl.ipc.Peer.send(IPC.scala:79)
	at sbt.impl.ipc.Peer.send(IPC.scala:83)
	at sbt.impl.ipc.Peer.sendString(IPC.scala:106)
	at sbt.impl.ipc.Peer.sendJson(IPC.scala:119)
	at sbt.server.SbtClientHandler$$anonfun$send$1.apply$mcV$sp(SbtClientHandler.scala:128)
	at sbt.server.SbtClientHandler.wrappedSend(SbtClientHandler.scala:113)
	at sbt.server.SbtClientHandler.send(SbtClientHandler.scala:128)
	at sbt.server.SbtServerSocketHandler$$anon$1.run(SbtServerSocketHandler.scala:92)
stack trace sending message was 
java.net.SocketException: Software caused connection abort: socket write error
	at java.net.SocketOutputStream.socketWrite0(Native Method)
	at java.net.SocketOutputStream.socketWrite(Unknown Source)
	at java.net.SocketOutputStream.write(Unknown Source)
	at java.io.BufferedOutputStream.flushBuffer(Unknown Source)
	at java.io.BufferedOutputStream.flush(Unknown Source)
	at java.io.DataOutputStream.flush(Unknown Source)
	at sbt.impl.ipc.Peer.send(IPC.scala:79)
	at sbt.impl.ipc.Peer.send(IPC.scala:83)
	at sbt.impl.ipc.Peer.sendString(IPC.scala:106)
	at sbt.impl.ipc.Peer.sendJson(IPC.scala:119)
	at sbt.server.SbtClientHandler$$anonfun$send$1.apply$mcV$sp(SbtClientHandler.scala:128)
	at sbt.server.SbtClientHandler.wrappedSend(SbtClientHandler.scala:113)
	at sbt.server.SbtClientHandler.send(SbtClientHandler.scala:128)
	at sbt.server.SbtClientHandler$clientThread$.run(SbtClientHandler.scala:42)
Reading next message from client.
Client activator-09e9885e-edd7-4b68-aaa0-8def8b3dcfa7 closed, java.net.SocketException: socket is closed, shutting down
Dropping message (0,ReceivedResponse()) to dead client activator-09e9885e-edd7-4b68-aaa0-8def8b3dcfa7
Client activator-09e9885e-edd7-4b68-aaa0-8def8b3dcfa7 thread exiting.
